transaction_history : 2019-08-08 14:17:01,769 : INFO : User alfreddofetucc checked transaction history
withdrawals : 2019-08-08 14:18:06,328 : INFO : alfreddofetucc has withdrawn the amount of150000.0
withdrawals : 2019-08-08 14:21:34,959 : INFO : alfreddofetucc has withdrawn the amount of $74,567.89.
withdrawals : 2019-08-08 14:25:52,884 : INFO : jojo has withdrawn the amount of $100,000.00.
withdrawals : 2019-08-08 14:28:22,507 : ERROR : ON WITHDRAWL: Account not found
withdrawals : 2019-08-08 14:30:03,219 : ERROR : ON WITHDRAWL: Account not found
withdrawals : 2019-08-08 14:31:31,666 : ERROR : ON WITHDRAWL: Account not found
menu : 2019-08-08 14:33:35,898 : ERROR : INVALID Menu Selection
withdrawals : 2019-08-08 14:33:58,302 : ERROR : Amount requested can not be higher than $1,399.50.
usermenu : 2019-08-08 14:51:05,920 : ERROR : Invalid menu selection
login : 2019-08-08 14:56:54,946 : INFO : jojo has logged in to the system
transaction_history : 2019-08-08 14:58:53,295 : INFO : User jojo checked transaction history
login : 2019-08-08 14:59:43,981 : ERROR : jojo has entered a wrong password
menu : 2019-08-08 15:01:02,848 : INFO : Program closed
login : 2019-08-08 15:03:06,754 : ERROR : Account Username does not exist
menu : 2019-08-08 15:03:16,579 : INFO : Program closed
registration : 2019-08-08 15:10:48,454 : INFO : Password has been hashed
registration : 2019-08-08 15:10:48,463 : INFO : Account for: Matthew McCormick has registered an account with the username matt
registration : 2019-08-08 15:20:30,370 : INFO : Password size created is to small
registration : 2019-08-08 15:20:38,157 : INFO : Password size created is to small
registration : 2019-08-08 15:20:43,066 : INFO : Password has been hashed
registration : 2019-08-08 15:20:43,076 : INFO : Account for: Ricardo Milos has registered an account with the username r_milos
login : 2019-08-08 15:20:50,662 : ERROR : Account Username does not exist
login : 2019-08-08 15:24:03,149 : ERROR : Account Username does not exist
login : 2019-08-08 15:25:07,730 : INFO : matt has logged in to the system
login : 2019-08-08 15:25:34,215 : ERROR : matt has entered a wrong password
menu : 2019-08-08 15:27:01,388 : INFO : Program closed
login : 2019-08-08 15:32:46,698 : ERROR : matt has entered a wrong password
login : 2019-08-08 15:32:57,554 : INFO : matt has logged in to the system
menu : 2019-08-08 15:33:08,376 : INFO : Program closed
menu : 2019-08-08 15:36:21,703 : INFO : Program closed
login : 2019-08-08 15:43:59,662 : INFO : jojo has logged in to the system
menu : 2019-08-08 15:44:02,726 : INFO : Program closed
registration : 2019-08-08 16:00:25,066 : INFO : Password has been hashed
registration : 2019-08-08 16:00:25,073 : INFO : Account for: Beefard Steward has registered an account with the username beefstew
login : 2019-08-08 16:00:35,080 : INFO : beefstew has logged in to the system
deposit : 2019-08-08 16:03:34,227 : ERROR : Deposit Amount is 0
withdrawals : 2019-08-08 16:05:56,590 : ERROR : Amount requested can not be higher than $65.97.
withdrawals : 2019-08-08 16:06:18,960 : INFO : beefstew has withdrawn the amount of $65.97.
transaction_history : 2019-08-08 16:07:29,913 : INFO : User beefstew checked transaction history
menu : 2019-08-08 16:08:18,425 : ERROR : INVALID Menu Selection
usermenu : 2019-08-08 16:08:18,425 : INFO : User Logged Out
transaction_history : 2019-08-08 16:08:18,425 : ERROR : Account was not found on the Records
menu : 2019-08-09 09:11:15,438 : INFO : Program closed
login : 2019-08-09 09:24:43,767 : ERROR : Account Username does not exist
menu : 2019-08-09 09:24:45,626 : INFO : Program closed
login : 2019-08-09 09:28:13,175 : ERROR : Account Username does not exist
menu : 2019-08-09 09:28:14,358 : INFO : Program closed
login : 2019-08-09 15:19:21,268 : ERROR : Account Username does not exist
login : 2019-08-09 16:03:10,874 : ERROR : Account Username does not exist
menu : 2019-08-09 16:03:12,447 : INFO : Program closed
menu : 2019-08-09 16:04:45,203 : ERROR : INVALID Menu Selection
menu : 2019-08-09 16:05:13,400 : ERROR : INVALID Menu Selection
registration : 2019-08-12 13:29:17,028 : INFO : Password size created is to small
registration : 2019-08-12 13:29:24,661 : INFO : Password has been hashed
registration : 2019-08-12 13:29:24,671 : INFO : Account for: Stephan Zeus has registered an account with the username zeus
login : 2019-08-12 13:31:57,228 : INFO : jojo has logged in to the system
login : 2019-08-12 13:34:07,771 : ERROR : jojo has entered a wrong password
registration : 2019-08-12 13:35:42,224 : INFO : Password size created is to small
registration : 2019-08-12 13:35:53,631 : INFO : Password size created is to small
registration : 2019-08-12 13:38:54,840 : INFO : Password has been hashed
registration : 2019-08-12 13:38:54,847 : INFO : Account for: Joaquin ELfin has registered an account with the username delfin
login : 2019-08-12 13:39:01,514 : INFO : delfin has logged in to the system
menu : 2019-08-12 13:39:16,265 : INFO : Program closed
usermenu : 2019-08-12 13:39:16,265 : INFO : User Logged Out
login : 2019-08-12 15:08:14,205 : INFO : jojo has logged in to the system
login : 2019-08-12 15:09:10,476 : INFO : delfin has logged in to the system
balance : 2019-08-12 15:09:17,597 : WARNING : Account was not found on records
menu : 2019-08-12 15:10:11,439 : INFO : Program closed
usermenu : 2019-08-12 15:10:11,439 : INFO : User Logged Out
menu : 2019-08-12 15:10:26,631 : INFO : Program closed
usermenu : 2019-08-12 15:10:26,631 : INFO : User Logged Out
transaction_history : 2019-08-12 15:10:26,631 : WARNING : Account was not found on the Records
menu : 2019-08-12 15:11:02,083 : INFO : Program closed
login : 2019-08-12 15:11:16,084 : INFO : delfin has logged in to the system
balance : 2019-08-12 15:11:23,089 : WARNING : Account was not found on records
login : 2019-08-12 15:14:36,039 : INFO : delfin has logged in to the system
balance : 2019-08-12 15:14:39,474 : WARNING : Account was not found on records
menu : 2019-08-12 15:14:45,832 : INFO : Program closed
login : 2019-08-12 15:18:14,731 : INFO : delfin has logged in to the system
transaction_history : 2019-08-12 15:19:25,297 : INFO : User delfin checked transaction history
menu : 2019-08-12 15:20:52,499 : INFO : Program closed
login : 2019-08-12 15:22:08,079 : ERROR : JOJO has entered a wrong password
login : 2019-08-12 15:22:17,769 : INFO : jojo has logged in to the system
menu : 2019-08-12 15:22:39,209 : INFO : Program closed
menu : 2019-08-12 15:23:13,246 : INFO : Program closed
login : 2019-08-12 15:27:50,091 : INFO : delfin has logged in to the system
usermenu : 2019-08-12 15:27:50,091 : ERROR : Invalid menu selection
login : 2019-08-12 15:28:04,889 : INFO : delfin has logged in to the system
balance : 2019-08-12 15:28:10,721 : WARNING : Account was not found on records
login : 2019-08-12 15:28:47,604 : INFO : delfin has logged in to the system
menu : 2019-08-12 15:35:04,592 : INFO : Program closed
registration : 2019-08-12 16:24:37,453 : INFO : Password has been hashed
registration : 2019-08-12 16:24:37,464 : INFO : Account for: John Cocoa has registered an account with the username ciocolatta
login : 2019-08-12 16:24:53,709 : INFO : ciocolatta has logged in to the system
login : 2019-08-12 16:26:32,327 : INFO : ciocolatta has logged in to the system
login : 2019-08-12 16:30:45,006 : INFO : ciocolatta has logged in to the system
withdrawals : 2019-08-12 16:30:58,283 : ERROR : Info entered does not match our records
withdrawals : 2019-08-12 16:31:35,677 : INFO : ciocolatta has withdrawn the amount of $90,000.00.
login : 2019-08-12 16:31:57,235 : INFO : ciocolatta has logged in to the system
transaction_history : 2019-08-12 16:32:06,942 : INFO : User ciocolatta checked transaction history
login : 2019-08-12 16:35:02,664 : INFO : ciocolatta has logged in to the system
login : 2019-08-12 16:51:53,116 : INFO : ciocolatta has logged in to the system
login : 2019-08-12 16:59:16,777 : INFO : ciocolatta has logged in to the system
transaction_history : 2019-08-12 16:59:22,289 : INFO : User ciocolatta checked transaction history
usermenu : 2019-08-12 16:59:26,059 : ERROR : Invalid menu selection
transaction_history : 2019-08-12 16:59:40,986 : INFO : User ciocolatta checked transaction history
menu : 2019-08-12 16:59:49,776 : ERROR : INVALID Menu Selection
usermenu : 2019-08-12 16:59:49,776 : INFO : User Logged Out
menu : 2019-08-12 16:59:54,443 : INFO : Program closed
login : 2019-08-12 19:21:28,395 : INFO : ciocolatta has logged in to the system
login : 2019-08-12 19:27:44,901 : INFO : ciocolatta has logged in to the system
login : 2019-08-12 19:28:34,018 : INFO : ciocolatta has logged in to the system
login : 2019-08-12 19:31:39,885 : INFO : ciocolatta has logged in to the system
login : 2019-08-12 19:34:34,266 : INFO : ciocolatta has logged in to the system
balance : 2019-08-12 19:34:36,932 : ERROR : ACCOUNT NOT FOUND
login : 2019-08-12 19:36:50,960 : ERROR : Account Username does not exist
login : 2019-08-12 19:37:06,194 : INFO : ciocolatta has logged in to the system
menu : 2019-08-12 19:38:15,435 : INFO : Program closed
login : 2019-08-12 19:44:27,980 : INFO : ciocolatta has logged in to the system
balance : 2019-08-12 19:44:35,840 : WARNING : Account Number entered does not match the one in record
login : 2019-08-12 21:34:31,620 : INFO : ciocolatta has logged in to the system
login : 2019-08-12 21:38:00,988 : INFO : ciocolatta has logged in to the system
login : 2019-08-12 21:44:09,819 : ERROR : Account Username does not exist
menu : 2019-08-12 21:45:03,002 : ERROR : INVALID Menu Selection
menu : 2019-08-12 21:45:41,927 : ERROR : INVALID Menu Selection
menu : 2019-08-12 21:45:43,653 : INFO : Program closed
login : 2019-08-12 21:46:37,934 : INFO : ciocolatta has logged in to the system
menu : 2019-08-12 22:02:49,349 : INFO : Program closed
login : 2019-08-13 09:10:51,370 : INFO : jojo has logged in to the system
login : 2019-08-13 09:26:41,176 : INFO : jojo has logged in to the system
transfer : 2019-08-13 09:27:18,873 : ERROR : Account not found
menu : 2019-08-13 09:31:38,421 : INFO : Program closed
menu : 2019-08-13 09:31:56,351 : INFO : Program closed
menu : 2019-08-13 09:41:46,928 : ERROR : INVALID Menu Selection
login : 2019-08-13 09:42:01,851 : INFO : jojo has logged in to the system
transfer : 2019-08-13 09:42:29,453 : WARNING : Transfered Cancelled due to not finding the account
menu : 2019-08-13 09:43:53,064 : INFO : Program closed
login : 2019-08-13 09:58:00,015 : INFO : ciocolatta has logged in to the system
transfer : 2019-08-13 09:58:15,019 : WARNING : Invalid account number
transfer : 2019-08-13 09:58:26,947 : WARNING : Invalid account number
login : 2019-08-13 10:06:49,510 : INFO : ciocolatta has logged in to the system
login : 2019-08-13 10:09:07,491 : INFO : ciocolatta has logged in to the system
login : 2019-08-13 10:09:34,918 : INFO : ciocolatta has logged in to the system
transfer : 2019-08-13 10:09:51,403 : WARNING : Transfer cancelled due to not finding the account
login : 2019-08-13 10:14:10,649 : INFO : jojo has logged in to the system
usermenu : 2019-08-13 10:14:24,097 : INFO : User Logged Out
login : 2019-08-13 10:15:33,295 : INFO : jojo has logged in to the system
login : 2019-08-13 10:16:35,887 : INFO : jojo has logged in to the system
login : 2019-08-13 10:18:04,438 : INFO : jojo has logged in to the system
login : 2019-08-13 10:19:19,422 : INFO : jojo has logged in to the system
login : 2019-08-13 10:20:28,082 : INFO : jojo has logged in to the system
login : 2019-08-13 10:27:26,955 : ERROR : Account Username does not exist
login : 2019-08-13 10:27:36,564 : ERROR : jojo has entered a wrong password
login : 2019-08-13 10:27:45,211 : INFO : jojo has logged in to the system
login : 2019-08-13 10:28:35,838 : INFO : ciocolatta has logged in to the system
login : 2019-08-13 10:29:33,152 : INFO : jojo has logged in to the system
login : 2019-08-13 10:31:37,886 : INFO : jojo has logged in to the system
login : 2019-08-13 10:35:47,646 : INFO : jojo has logged in to the system
login : 2019-08-13 10:40:44,862 : INFO : jojo has logged in to the system
transfer : 2019-08-13 10:40:51,093 : ERROR : Account not found
transfer : 2019-08-13 10:41:16,516 : WARNING : Transfer cancelled due to not finding the account
transfer : 2019-08-13 10:42:21,199 : WARNING : Not enough funds avaialble  for jojo
login : 2019-08-13 10:45:53,944 : INFO : jojo has logged in to the system
login : 2019-08-13 10:49:09,592 : ERROR : Account Username does not exist
login : 2019-08-13 10:49:20,036 : INFO : jojo has logged in to the system
login : 2019-08-13 10:57:11,916 : INFO : jojo has logged in to the system
login : 2019-08-13 10:59:10,657 : INFO : jojo has logged in to the system
login : 2019-08-13 11:02:47,113 : INFO : ciocolatta has logged in to the system
transfer : 2019-08-13 11:03:09,850 : WARNING : Transfer cancelled due to not finding the account
transfer : 2019-08-13 11:03:32,269 : WARNING : Transfer cancelled due to not finding the account
transfer : 2019-08-13 11:03:46,347 : WARNING : Invalid account number
login : 2019-08-13 11:07:42,015 : INFO : jojo has logged in to the system
login : 2019-08-13 11:09:16,137 : INFO : jojo has logged in to the system
login : 2019-08-13 11:11:35,589 : ERROR : ciocolatta has entered a wrong password
login : 2019-08-13 11:11:45,126 : INFO : ciocolatta has logged in to the system
login : 2019-08-13 11:21:03,427 : INFO : jojo has logged in to the system
menu : 2019-08-13 11:28:07,110 : ERROR : INVALID Menu Selection
login : 2019-08-13 11:29:27,534 : INFO : jojo has logged in to the system
transfer : 2019-08-13 11:31:23,173 : WARNING : Invalid account number
login : 2019-08-13 11:38:05,788 : INFO : jojo has logged in to the system
login : 2019-08-13 11:40:39,947 : INFO : jojo has logged in to the system
transfer : 2019-08-13 11:40:52,134 : WARNING : Transfer cancelled due to not finding the account
transfer : 2019-08-13 11:40:59,388 : ERROR : Account not found
login : 2019-08-13 11:48:21,996 : INFO : jojo has logged in to the system
login : 2019-08-13 12:35:36,775 : INFO : jojo has logged in to the system
login : 2019-08-13 12:48:28,735 : INFO : jojo has logged in to the system
login : 2019-08-13 12:49:38,966 : INFO : jojo has logged in to the system
login : 2019-08-13 12:50:58,028 : INFO : jojo has logged in to the system
login : 2019-08-13 12:51:53,414 : INFO : jojo has logged in to the system
login : 2019-08-13 12:57:19,803 : INFO : jojo has logged in to the system
transfer : 2019-08-13 12:57:36,735 : WARNING : Transfer cancelled due to not finding the account
login : 2019-08-13 12:59:52,980 : INFO : jojo has logged in to the system
registration : 2019-08-13 13:02:14,435 : INFO : Password has been hashed
registration : 2019-08-13 13:02:14,446 : INFO : Account for: Adriana Arroyo has registered an account with the username moistsocks
login : 2019-08-13 13:02:24,356 : INFO : moistsocks has logged in to the system
transfer : 2019-08-13 13:02:52,982 : WARNING : Not enough funds avaialble  for moistsocks
login : 2019-08-13 13:05:18,721 : INFO : moistsocks has logged in to the system
transfer : 2019-08-13 13:05:37,509 : WARNING : Transfer cancelled due to not finding the account
menu : 2019-08-13 13:07:55,895 : ERROR : INVALID Menu Selection
login : 2019-08-13 13:08:04,055 : INFO : jojo has logged in to the system
login : 2019-08-13 13:09:49,304 : INFO : jojo has logged in to the system
transfer : 2019-08-13 13:09:59,330 : WARNING : Transfer cancelled due to not finding the account
login : 2019-08-13 13:17:09,402 : INFO : jojo has logged in to the system
login : 2019-08-13 14:33:48,089 : INFO : moistsocks has logged in to the system
transfer : 2019-08-13 14:34:14,440 : WARNING : Transfer cancelled due to not finding the account
transfer : 2019-08-13 14:34:38,920 : WARNING : Invalid account number
